<?xml version="1.0" encoding="UTF-8"?>
<!-- Generated by org.testng.reporters.JUnitReportReporter -->
<testsuite hostname="DESKTOP-UK4OA0E" failures="0" tests="1" name="selectDropDownList.DropDownList_II" time="5.475" errors="0" timestamp="2021-03-07T16:04:19 COT" skipped="0">
  <testcase classname="selectDropDownList.DropDownList_II" name="SelectDDValues" time="5.475"/>
  <system-out/>
</testsuite> <!-- selectDropDownList.DropDownList_II -->
