<?xml version="1.0" encoding="UTF-8"?>
<!-- Generated by org.testng.reporters.JUnitReportReporter -->
<testsuite hostname="DESKTOP-UK4OA0E" failures="0" tests="1" name="selectDropDownList.DropDownList_I" time="11.617" errors="0" timestamp="2021-03-07T15:38:41 COT" skipped="0">
  <testcase classname="selectDropDownList.DropDownList_I" name="SelectDDValues" time="11.617"/>
  <system-out/>
</testsuite> <!-- selectDropDownList.DropDownList_I -->
