<?xml version="1.0" encoding="UTF-8"?>
<!-- Generated by org.testng.reporters.JUnitReportReporter -->
<testsuite hostname="DESKTOP-UK4OA0E" failures="0" tests="1" name="selectDropDownList.DropDownList_III" time="7.240" errors="0" timestamp="2021-03-07T16:23:21 COT" skipped="0">
  <testcase classname="selectDropDownList.DropDownList_III" name="SelectDDValues" time="7.240"/>
  <system-out/>
</testsuite> <!-- selectDropDownList.DropDownList_III -->
