<?xml version="1.0" encoding="UTF-8"?>
<!-- Generated by org.testng.reporters.JUnitReportReporter -->
<testsuite hostname="DESKTOP-UK4OA0E" failures="0" tests="1" name="VerifyWordPressLogin.verifyWordPressLogin" time="9.877" errors="0" timestamp="2021-03-09T09:51:40 COT" skipped="0">
  <testcase classname="VerifyWordPressLogin.verifyWordPressLogin" name="VerifyWPLogin" time="9.877"/>
  <system-out/>
</testsuite> <!-- VerifyWordPressLogin.verifyWordPressLogin -->
